<?xml version="1.0" encoding="UTF-8"?>
<testsuite xmlns:xsi="http://www.w3.org/2001/XMLSchema-instance" xsi:noNamespaceSchemaLocation="https://maven.apache.org/surefire/maven-surefire-plugin/xsd/surefire-test-report-3.0.xsd" version="3.0" name="org.factoriaf5.TollStationTest" time="0.087" tests="3" errors="0" skipped="0" failures="0">
  <properties>
    <property name="java.specification.version" value="21"/>
    <property name="sun.jnu.encoding" value="UTF-8"/>
    <property name="java.class.path" value="/Users/olegpoberezhets/Documents/AWS/javaf5/exercises/tolls-and-vehicles/target/test-classes:/Users/olegpoberezhets/Documents/AWS/javaf5/exercises/tolls-and-vehicles/target/classes:/Users/olegpoberezhets/.m2/repository/org/junit/jupiter/junit-jupiter-api/5.6.0/junit-jupiter-api-5.6.0.jar:/Users/olegpoberezhets/.m2/repository/org/apiguardian/apiguardian-api/1.1.0/apiguardian-api-1.1.0.jar:/Users/olegpoberezhets/.m2/repository/org/opentest4j/opentest4j/1.2.0/opentest4j-1.2.0.jar:/Users/olegpoberezhets/.m2/repository/org/junit/platform/junit-platform-commons/1.6.0/junit-platform-commons-1.6.0.jar:/Users/olegpoberezhets/.m2/repository/org/junit/jupiter/junit-jupiter-engine/5.6.0/junit-jupiter-engine-5.6.0.jar:/Users/olegpoberezhets/.m2/repository/org/junit/platform/junit-platform-engine/1.6.0/junit-platform-engine-1.6.0.jar:"/>
    <property name="java.vm.vendor" value="Oracle Corporation"/>
    <property name="sun.arch.data.model" value="64"/>
    <property name="java.vendor.url" value="https://java.oracle.com/"/>
    <property name="os.name" value="Mac OS X"/>
    <property name="java.vm.specification.version" value="21"/>
    <property name="user.country" value="ES"/>
    <property name="sun.java.launcher" value="SUN_STANDARD"/>
    <property name="sun.boot.library.path" value="/Library/Java/JavaVirtualMachines/jdk-21.jdk/Contents/Home/lib"/>
    <property name="sun.java.command" value="/Users/olegpoberezhets/Documents/AWS/javaf5/exercises/tolls-and-vehicles/target/surefire/surefirebooter11093781966890335312.jar /Users/olegpoberezhets/Documents/AWS/javaf5/exercises/tolls-and-vehicles/target/surefire 2025-01-27T21-16-15_915-jvmRun1 surefire4650810462565193197tmp surefire_09606670328632769903tmp"/>
    <property name="http.nonProxyHosts" value="local|*.local|169.254/16|*.169.254/16"/>
    <property name="jdk.debug" value="release"/>
    <property name="test" value="org.factoriaf5.TollStationTest"/>
    <property name="surefire.test.class.path" value="/Users/olegpoberezhets/Documents/AWS/javaf5/exercises/tolls-and-vehicles/target/test-classes:/Users/olegpoberezhets/Documents/AWS/javaf5/exercises/tolls-and-vehicles/target/classes:/Users/olegpoberezhets/.m2/repository/org/junit/jupiter/junit-jupiter-api/5.6.0/junit-jupiter-api-5.6.0.jar:/Users/olegpoberezhets/.m2/repository/org/apiguardian/apiguardian-api/1.1.0/apiguardian-api-1.1.0.jar:/Users/olegpoberezhets/.m2/repository/org/opentest4j/opentest4j/1.2.0/opentest4j-1.2.0.jar:/Users/olegpoberezhets/.m2/repository/org/junit/platform/junit-platform-commons/1.6.0/junit-platform-commons-1.6.0.jar:/Users/olegpoberezhets/.m2/repository/org/junit/jupiter/junit-jupiter-engine/5.6.0/junit-jupiter-engine-5.6.0.jar:/Users/olegpoberezhets/.m2/repository/org/junit/platform/junit-platform-engine/1.6.0/junit-platform-engine-1.6.0.jar:"/>
    <property name="sun.cpu.endian" value="little"/>
    <property name="user.home" value="/Users/olegpoberezhets"/>
    <property name="user.language" value="en"/>
    <property name="java.specification.vendor" value="Oracle Corporation"/>
    <property name="java.version.date" value="2024-07-16"/>
    <property name="java.home" value="/Library/Java/JavaVirtualMachines/jdk-21.jdk/Contents/Home"/>
    <property name="file.separator" value="/"/>
    <property name="basedir" value="/Users/olegpoberezhets/Documents/AWS/javaf5/exercises/tolls-and-vehicles"/>
    <property name="java.vm.compressedOopsMode" value="Zero based"/>
    <property name="line.separator" value="&#10;"/>
    <property name="java.vm.specification.vendor" value="Oracle Corporation"/>
    <property name="java.specification.name" value="Java Platform API Specification"/>
    <property name="apple.awt.application.name" value="ForkedBooter"/>
    <property name="surefire.real.class.path" value="/Users/olegpoberezhets/Documents/AWS/javaf5/exercises/tolls-and-vehicles/target/surefire/surefirebooter11093781966890335312.jar"/>
    <property name="sun.management.compiler" value="HotSpot 64-Bit Tiered Compilers"/>
    <property name="ftp.nonProxyHosts" value="local|*.local|169.254/16|*.169.254/16"/>
    <property name="java.runtime.version" value="21.0.4+8-LTS-274"/>
    <property name="user.name" value="olegpoberezhets"/>
    <property name="stdout.encoding" value="UTF-8"/>
    <property name="path.separator" value=":"/>
    <property name="os.version" value="15.2"/>
    <property name="java.runtime.name" value="Java(TM) SE Runtime Environment"/>
    <property name="file.encoding" value="UTF-8"/>
    <property name="java.vm.name" value="Java HotSpot(TM) 64-Bit Server VM"/>
    <property name="maven.ext.class.path" value="/Users/olegpoberezhets/.vscode/extensions/oracle.oracle-java-23.0.1/nbcode/java/maven-nblib/netbeans-eventspy.jar"/>
    <property name="localRepository" value="/Users/olegpoberezhets/.m2/repository"/>
    <property name="java.vendor.url.bug" value="https://bugreport.java.com/bugreport/"/>
    <property name="java.io.tmpdir" value="/var/folders/zq/276_99_157l6xl1xbq55dx0c0000gn/T/"/>
    <property name="java.version" value="21.0.4"/>
    <property name="user.dir" value="/Users/olegpoberezhets/Documents/AWS/javaf5/exercises/tolls-and-vehicles"/>
    <property name="os.arch" value="x86_64"/>
    <property name="java.vm.specification.name" value="Java Virtual Machine Specification"/>
    <property name="native.encoding" value="UTF-8"/>
    <property name="java.library.path" value="/Users/olegpoberezhets/Library/Java/Extensions:/Library/Java/Extensions:/Network/Library/Java/Extensions:/System/Library/Java/Extensions:/usr/lib/java:."/>
    <property name="java.vm.info" value="mixed mode, sharing"/>
    <property name="stderr.encoding" value="UTF-8"/>
    <property name="java.vendor" value="Oracle Corporation"/>
    <property name="java.vm.version" value="21.0.4+8-LTS-274"/>
    <property name="sun.io.unicode.encoding" value="UnicodeBig"/>
    <property name="socksNonProxyHosts" value="local|*.local|169.254/16|*.169.254/16"/>
    <property name="java.class.version" value="65.0"/>
  </properties>
  <testcase name="testPrintSummary" classname="org.factoriaf5.TollStationTest" time="0.038">
    <system-out><![CDATA[Vehicle added:  (License: ABC123) - Toll: $5
Vehicle added:  (License: ABC123) - Toll: $5

Toll Station: Main Street in Springfield
Vehicles Processed:
-  (License: ABC123)
-  (License: ABC123)
Total Toll Collected: $10
]]></system-out>
  </testcase>
  <testcase name="testAddVehicle" classname="org.factoriaf5.TollStationTest" time="0.016">
    <system-out><![CDATA[Vehicle added:  (License: ABC123) - Toll: $5
]]></system-out>
  </testcase>
  <testcase name="testAddMultipleVehicles" classname="org.factoriaf5.TollStationTest" time="0.002">
    <system-out><![CDATA[Vehicle added:  (License: ABC123) - Toll: $5
Vehicle added:  (License: XYZ789) - Toll: $10
]]></system-out>
  </testcase>
</testsuite>